# JRE version: Java(TM) SE Runtime Environment (8.0_161-b12) (build 1.8.0_161-b12)
# Java VM: Java HotSpot(TM) 64-Bit Server VM (25.161-b12 mixed mode linux-amd64 compressed oops)
Heap:
 def new generation   total 60288K, used 9090K [0x00000000e0000000, 0x00000000e4160000, 0x00000000eaaa0000)
  eden space 53632K,   9% used [0x00000000e0000000, 0x00000000e04c13b0, 0x00000000e3460000)
  from space 6656K,  63% used [0x00000000e3ae0000, 0x00000000e3eff598, 0x00000000e4160000)
  to   space 6656K,   0% used [0x00000000e3460000, 0x00000000e3460000, 0x00000000e3ae0000)
 tenured generation   total 133824K, used 133615K [0x00000000eaaa0000, 0x00000000f2d50000, 0x0000000100000000)
   the space 133824K,  99% used [0x00000000eaaa0000, 0x00000000f2d1bc98, 0x00000000f2d1be00, 0x00000000f2d50000)
 Metaspace       used 86202K, capacity 95896K, committed 96080K, reserved 1132544K
  class space    used 10467K, capacity 13115K, committed 13136K, reserved 1048576K
GC Heap History (10 events):
Event: 544.890 GC heap before
{Heap before GC invocations=160 (full 8):
 def new generation   total 60288K, used 57183K [0x00000000e0000000, 0x00000000e4160000, 0x00000000eaaa0000)
  eden space 53632K, 100% used [0x00000000e0000000, 0x00000000e3460000, 0x00000000e3460000)
  from space 6656K,  53% used [0x00000000e3460000, 0x00000000e37d7eb8, 0x00000000e3ae0000)
  to   space 6656K,   0% used [0x00000000e3ae0000, 0x00000000e3ae0000, 0x00000000e4160000)
 tenured generation   total 133824K, used 129585K [0x00000000eaaa0000, 0x00000000f2d50000, 0x0000000100000000)
   the space 133824K,  96% used [0x00000000eaaa0000, 0x00000000f292c568, 0x00000000f292c600, 0x00000000f2d50000)
 Metaspace       used 86140K, capacity 95890K, committed 96080K, reserved 1132544K
  class space    used 10466K, capacity 13114K, committed 13136K, reserved 1048576K
Event: 544.904 GC heap after
Heap after GC invocations=161 (full 8):
 def new generation   total 60288K, used 3505K [0x00000000e0000000, 0x00000000e4160000, 0x00000000eaaa0000)
  eden space 53632K,   0% used [0x00000000e0000000, 0x00000000e0000000, 0x00000000e3460000)
  from space 6656K,  52% used [0x00000000e3ae0000, 0x00000000e3e4c528, 0x00000000e4160000)
  to   space 6656K,   0% used [0x00000000e3460000, 0x00000000e3460000, 0x00000000e3ae0000)
 tenured generation   total 133824K, used 130466K [0x00000000eaaa0000, 0x00000000f2d50000, 0x0000000100000000)
   the space 133824K,  97% used [0x00000000eaaa0000, 0x00000000f2a08b50, 0x00000000f2a08c00, 0x00000000f2d50000)
 Metaspace       used 86140K, capacity 95890K, committed 96080K, reserved 1132544K
  class space    used 10466K, capacity 13114K, committed 13136K, reserved 1048576K
}
Event: 545.108 GC heap before
{Heap before GC invocations=161 (full 8):
 def new generation   total 60288K, used 57137K [0x00000000e0000000, 0x00000000e4160000, 0x00000000eaaa0000)
  eden space 53632K, 100% used [0x00000000e0000000, 0x00000000e3460000, 0x00000000e3460000)
  from space 6656K,  52% used [0x00000000e3ae0000, 0x00000000e3e4c528, 0x00000000e4160000)
  to   space 6656K,   0% used [0x00000000e3460000, 0x00000000e3460000, 0x00000000e3ae0000)
 tenured generation   total 133824K, used 130466K [0x00000000eaaa0000, 0x00000000f2d50000, 0x0000000100000000)
   the space 133824K,  97% used [0x00000000eaaa0000, 0x00000000f2a08b50, 0x00000000f2a08c00, 0x00000000f2d50000)
 Metaspace       used 86159K, capacity 95896K, committed 96080K, reserved 1132544K
  class space    used 10467K, capacity 13115K, committed 13136K, reserved 1048576K
Event: 545.128 GC heap after
Heap after GC invocations=162 (full 8):
 def new generation   total 60288K, used 2717K [0x00000000e0000000, 0x00000000e4160000, 0x00000000eaaa0000)
  eden space 53632K,   0% used [0x00000000e0000000, 0x00000000e0000000, 0x00000000e3460000)
  from space 6656K,  40% used [0x00000000e3460000, 0x00000000e37074e8, 0x00000000e3ae0000)
  to   space 6656K,   0% used [0x00000000e3ae0000, 0x00000000e3ae0000, 0x00000000e4160000)
 tenured generation   total 133824K, used 132045K [0x00000000eaaa0000, 0x00000000f2d50000, 0x0000000100000000)
   the space 133824K,  98% used [0x00000000eaaa0000, 0x00000000f2b934d8, 0x00000000f2b93600, 0x00000000f2d50000)
 Metaspace       used 86159K, capacity 95896K, committed 96080K, reserved 1132544K
  class space    used 10467K, capacity 13115K, committed 13136K, reserved 1048576K
}
Event: 545.369 GC heap before
{Heap before GC invocations=162 (full 8):
 def new generation   total 60288K, used 56349K [0x00000000e0000000, 0x00000000e4160000, 0x00000000eaaa0000)
  eden space 53632K, 100% used [0x00000000e0000000, 0x00000000e3460000, 0x00000000e3460000)
  from space 6656K,  40% used [0x00000000e3460000, 0x00000000e37074e8, 0x00000000e3ae0000)
  to   space 6656K,   0% used [0x00000000e3ae0000, 0x00000000e3ae0000, 0x00000000e4160000)
 tenured generation   total 133824K, used 132045K [0x00000000eaaa0000, 0x00000000f2d50000, 0x0000000100000000)
   the space 133824K,  98% used [0x00000000eaaa0000, 0x00000000f2b934d8, 0x00000000f2b93600, 0x00000000f2d50000)
 Metaspace       used 86161K, capacity 95896K, committed 96080K, reserved 1132544K
  class space    used 10467K, capacity 13115K, committed 13136K, reserved 1048576K
Event: 545.378 GC heap after
Heap after GC invocations=163 (full 8):
 def new generation   total 60288K, used 3240K [0x00000000e0000000, 0x00000000e4160000, 0x00000000eaaa0000)
  eden space 53632K,   0% used [0x00000000e0000000, 0x00000000e0000000, 0x00000000e3460000)
  from space 6656K,  48% used [0x00000000e3ae0000, 0x00000000e3e0a230, 0x00000000e4160000)
  to   space 6656K,   0% used [0x00000000e3460000, 0x00000000e3460000, 0x00000000e3ae0000)
 tenured generation   total 133824K, used 132045K [0x00000000eaaa0000, 0x00000000f2d50000, 0x0000000100000000)
   the space 133824K,  98% used [0x00000000eaaa0000, 0x00000000f2b934d8, 0x00000000f2b93600, 0x00000000f2d50000)
 Metaspace       used 86161K, capacity 95896K, committed 96080K, reserved 1132544K
  class space    used 10467K, capacity 13115K, committed 13136K, reserved 1048576K
}
Event: 545.696 GC heap before
{Heap before GC invocations=163 (full 8):
 def new generation   total 60288K, used 56872K [0x00000000e0000000, 0x00000000e4160000, 0x00000000eaaa0000)
  eden space 53632K, 100% used [0x00000000e0000000, 0x00000000e3460000, 0x00000000e3460000)
  from space 6656K,  48% used [0x00000000e3ae0000, 0x00000000e3e0a230, 0x00000000e4160000)
  to   space 6656K,   0% used [0x00000000e3460000, 0x00000000e3460000, 0x00000000e3ae0000)
 tenured generation   total 133824K, used 132045K [0x00000000eaaa0000, 0x00000000f2d50000, 0x0000000100000000)
   the space 133824K,  98% used [0x00000000eaaa0000, 0x00000000f2b934d8, 0x00000000f2b93600, 0x00000000f2d50000)
 Metaspace       used 86171K, capacity 95896K, committed 96080K, reserved 1132544K
  class space    used 10467K, capacity 13115K, committed 13136K, reserved 1048576K
Event: 545.716 GC heap after
Heap after GC invocations=164 (full 8):
 def new generation   total 60288K, used 4841K [0x00000000e0000000, 0x00000000e4160000, 0x00000000eaaa0000)
  eden space 53632K,   0% used [0x00000000e0000000, 0x00000000e0000000, 0x00000000e3460000)
  from space 6656K,  72% used [0x00000000e3460000, 0x00000000e391a688, 0x00000000e3ae0000)
  to   space 6656K,   0% used [0x00000000e3ae0000, 0x00000000e3ae0000, 0x00000000e4160000)
 tenured generation   total 133824K, used 132045K [0x00000000eaaa0000, 0x00000000f2d50000, 0x0000000100000000)
   the space 133824K,  98% used [0x00000000eaaa0000, 0x00000000f2b934d8, 0x00000000f2b93600, 0x00000000f2d50000)
 Metaspace       used 86171K, capacity 95896K, committed 96080K, reserved 1132544K
  class space    used 10467K, capacity 13115K, committed 13136K, reserved 1048576K
}
Event: 545.956 GC heap before
{Heap before GC invocations=164 (full 8):
 def new generation   total 60288K, used 58473K [0x00000000e0000000, 0x00000000e4160000, 0x00000000eaaa0000)
  eden space 53632K, 100% used [0x00000000e0000000, 0x00000000e3460000, 0x00000000e3460000)
  from space 6656K,  72% used [0x00000000e3460000, 0x00000000e391a688, 0x00000000e3ae0000)
  to   space 6656K,   0% used [0x00000000e3ae0000, 0x00000000e3ae0000, 0x00000000e4160000)
 tenured generation   total 133824K, used 132045K [0x00000000eaaa0000, 0x00000000f2d50000, 0x0000000100000000)
   the space 133824K,  98% used [0x00000000eaaa0000, 0x00000000f2b934d8, 0x00000000f2b93600, 0x00000000f2d50000)
 Metaspace       used 86202K, capacity 95896K, committed 96080K, reserved 1132544K
  class space    used 10467K, capacity 13115K, committed 13136K, reserved 1048576K
Event: 546.070 GC heap after
Heap after GC invocations=165 (full 8):
 def new generation   total 60288K, used 4221K [0x00000000e0000000, 0x00000000e4160000, 0x00000000eaaa0000)
  eden space 53632K,   0% used [0x00000000e0000000, 0x00000000e0000000, 0x00000000e3460000)
  from space 6656K,  63% used [0x00000000e3ae0000, 0x00000000e3eff598, 0x00000000e4160000)
  to   space 6656K,   0% used [0x00000000e3460000, 0x00000000e3460000, 0x00000000e3ae0000)
 tenured generation   total 133824K, used 133615K [0x00000000eaaa0000, 0x00000000f2d50000, 0x0000000100000000)
   the space 133824K,  99% used [0x00000000eaaa0000, 0x00000000f2d1bc98, 0x00000000f2d1be00, 0x00000000f2d50000)
 Metaspace       used 86202K, capacity 95896K, committed 96080K, reserved 1132544K
  class space    used 10467K, capacity 13115K, committed 13136K, reserved 1048576K
}

