# JRE version: Java(TM) SE Runtime Environment (8.0_161-b12) (build 1.8.0_161-b12)
# Java VM: Java HotSpot(TM) 64-Bit Server VM (25.161-b12 mixed mode linux-amd64 compressed oops)
Heap:
 def new generation   total 59200K, used 10992K [0x00000000e0000000, 0x00000000e4030000, 0x00000000eaaa0000)
  eden space 52672K,  14% used [0x00000000e0000000, 0x00000000e0738420, 0x00000000e3370000)
  from space 6528K,  55% used [0x00000000e39d0000, 0x00000000e3d53fb8, 0x00000000e4030000)
  to   space 6528K,   0% used [0x00000000e3370000, 0x00000000e3370000, 0x00000000e39d0000)
 tenured generation   total 131312K, used 122927K [0x00000000eaaa0000, 0x00000000f2adc000, 0x0000000100000000)
   the space 131312K,  93% used [0x00000000eaaa0000, 0x00000000f22abd20, 0x00000000f22abe00, 0x00000000f2adc000)
 Metaspace       used 96246K, capacity 106188K, committed 106456K, reserved 1140736K
  class space    used 11880K, capacity 14510K, committed 14592K, reserved 1048576K
GC Heap History (10 events):
Event: 408.609 GC heap before
{Heap before GC invocations=157 (full 8):
 def new generation   total 59200K, used 56040K [0x00000000e0000000, 0x00000000e4030000, 0x00000000eaaa0000)
  eden space 52672K, 100% used [0x00000000e0000000, 0x00000000e3370000, 0x00000000e3370000)
  from space 6528K,  51% used [0x00000000e3370000, 0x00000000e36ba228, 0x00000000e39d0000)
  to   space 6528K,   0% used [0x00000000e39d0000, 0x00000000e39d0000, 0x00000000e4030000)
 tenured generation   total 131312K, used 118655K [0x00000000eaaa0000, 0x00000000f2adc000, 0x0000000100000000)
   the space 131312K,  90% used [0x00000000eaaa0000, 0x00000000f1e7fe00, 0x00000000f1e7fe00, 0x00000000f2adc000)
 Metaspace       used 96171K, capacity 106058K, committed 106200K, reserved 1140736K
  class space    used 11875K, capacity 14499K, committed 14592K, reserved 1048576K
Event: 408.628 GC heap after
Heap after GC invocations=158 (full 8):
 def new generation   total 59200K, used 2753K [0x00000000e0000000, 0x00000000e4030000, 0x00000000eaaa0000)
  eden space 52672K,   0% used [0x00000000e0000000, 0x00000000e0000000, 0x00000000e3370000)
  from space 6528K,  42% used [0x00000000e39d0000, 0x00000000e3c80588, 0x00000000e4030000)
  to   space 6528K,   0% used [0x00000000e3370000, 0x00000000e3370000, 0x00000000e39d0000)
 tenured generation   total 131312K, used 119813K [0x00000000eaaa0000, 0x00000000f2adc000, 0x0000000100000000)
   the space 131312K,  91% used [0x00000000eaaa0000, 0x00000000f1fa15e0, 0x00000000f1fa1600, 0x00000000f2adc000)
 Metaspace       used 96171K, capacity 106058K, committed 106200K, reserved 1140736K
  class space    used 11875K, capacity 14499K, committed 14592K, reserved 1048576K
}
Event: 408.828 GC heap before
{Heap before GC invocations=158 (full 8):
 def new generation   total 59200K, used 55425K [0x00000000e0000000, 0x00000000e4030000, 0x00000000eaaa0000)
  eden space 52672K,  99% used [0x00000000e0000000, 0x00000000e336fff8, 0x00000000e3370000)
  from space 6528K,  42% used [0x00000000e39d0000, 0x00000000e3c80588, 0x00000000e4030000)
  to   space 6528K,   0% used [0x00000000e3370000, 0x00000000e3370000, 0x00000000e39d0000)
 tenured generation   total 131312K, used 119813K [0x00000000eaaa0000, 0x00000000f2adc000, 0x0000000100000000)
   the space 131312K,  91% used [0x00000000eaaa0000, 0x00000000f1fa15e0, 0x00000000f1fa1600, 0x00000000f2adc000)
 Metaspace       used 96174K, capacity 106058K, committed 106200K, reserved 1140736K
  class space    used 11875K, capacity 14499K, committed 14592K, reserved 1048576K
Event: 408.839 GC heap after
Heap after GC invocations=159 (full 8):
 def new generation   total 59200K, used 3212K [0x00000000e0000000, 0x00000000e4030000, 0x00000000eaaa0000)
  eden space 52672K,   0% used [0x00000000e0000000, 0x00000000e0000000, 0x00000000e3370000)
  from space 6528K,  49% used [0x00000000e3370000, 0x00000000e3693058, 0x00000000e39d0000)
  to   space 6528K,   0% used [0x00000000e39d0000, 0x00000000e39d0000, 0x00000000e4030000)
 tenured generation   total 131312K, used 119813K [0x00000000eaaa0000, 0x00000000f2adc000, 0x0000000100000000)
   the space 131312K,  91% used [0x00000000eaaa0000, 0x00000000f1fa15e0, 0x00000000f1fa1600, 0x00000000f2adc000)
 Metaspace       used 96174K, capacity 106058K, committed 106200K, reserved 1140736K
  class space    used 11875K, capacity 14499K, committed 14592K, reserved 1048576K
}
Event: 409.082 GC heap before
{Heap before GC invocations=159 (full 8):
 def new generation   total 59200K, used 55884K [0x00000000e0000000, 0x00000000e4030000, 0x00000000eaaa0000)
  eden space 52672K, 100% used [0x00000000e0000000, 0x00000000e3370000, 0x00000000e3370000)
  from space 6528K,  49% used [0x00000000e3370000, 0x00000000e3693058, 0x00000000e39d0000)
  to   space 6528K,   0% used [0x00000000e39d0000, 0x00000000e39d0000, 0x00000000e4030000)
 tenured generation   total 131312K, used 119813K [0x00000000eaaa0000, 0x00000000f2adc000, 0x0000000100000000)
   the space 131312K,  91% used [0x00000000eaaa0000, 0x00000000f1fa15e0, 0x00000000f1fa1600, 0x00000000f2adc000)
 Metaspace       used 96184K, capacity 106070K, committed 106200K, reserved 1140736K
  class space    used 11876K, capacity 14501K, committed 14592K, reserved 1048576K
Event: 409.108 GC heap after
Heap after GC invocations=160 (full 8):
 def new generation   total 59200K, used 4488K [0x00000000e0000000, 0x00000000e4030000, 0x00000000eaaa0000)
  eden space 52672K,   0% used [0x00000000e0000000, 0x00000000e0000000, 0x00000000e3370000)
  from space 6528K,  68% used [0x00000000e39d0000, 0x00000000e3e32230, 0x00000000e4030000)
  to   space 6528K,   0% used [0x00000000e3370000, 0x00000000e3370000, 0x00000000e39d0000)
 tenured generation   total 131312K, used 119813K [0x00000000eaaa0000, 0x00000000f2adc000, 0x0000000100000000)
   the space 131312K,  91% used [0x00000000eaaa0000, 0x00000000f1fa15e0, 0x00000000f1fa1600, 0x00000000f2adc000)
 Metaspace       used 96184K, capacity 106070K, committed 106200K, reserved 1140736K
  class space    used 11876K, capacity 14501K, committed 14592K, reserved 1048576K
}
Event: 409.378 GC heap before
{Heap before GC invocations=160 (full 8):
 def new generation   total 59200K, used 57160K [0x00000000e0000000, 0x00000000e4030000, 0x00000000eaaa0000)
  eden space 52672K, 100% used [0x00000000e0000000, 0x00000000e3370000, 0x00000000e3370000)
  from space 6528K,  68% used [0x00000000e39d0000, 0x00000000e3e32230, 0x00000000e4030000)
  to   space 6528K,   0% used [0x00000000e3370000, 0x00000000e3370000, 0x00000000e39d0000)
 tenured generation   total 131312K, used 119813K [0x00000000eaaa0000, 0x00000000f2adc000, 0x0000000100000000)
   the space 131312K,  91% used [0x00000000eaaa0000, 0x00000000f1fa15e0, 0x00000000f1fa1600, 0x00000000f2adc000)
 Metaspace       used 96214K, capacity 106140K, committed 106456K, reserved 1140736K
  class space    used 11877K, capacity 14502K, committed 14592K, reserved 1048576K
Event: 409.411 GC heap after
Heap after GC invocations=161 (full 8):
 def new generation   total 59200K, used 4054K [0x00000000e0000000, 0x00000000e4030000, 0x00000000eaaa0000)
  eden space 52672K,   0% used [0x00000000e0000000, 0x00000000e0000000, 0x00000000e3370000)
  from space 6528K,  62% used [0x00000000e3370000, 0x00000000e3765a08, 0x00000000e39d0000)
  to   space 6528K,   0% used [0x00000000e39d0000, 0x00000000e39d0000, 0x00000000e4030000)
 tenured generation   total 131312K, used 121427K [0x00000000eaaa0000, 0x00000000f2adc000, 0x0000000100000000)
   the space 131312K,  92% used [0x00000000eaaa0000, 0x00000000f2134f20, 0x00000000f2135000, 0x00000000f2adc000)
 Metaspace       used 96214K, capacity 106140K, committed 106456K, reserved 1140736K
  class space    used 11877K, capacity 14502K, committed 14592K, reserved 1048576K
}
Event: 416.229 GC heap before
{Heap before GC invocations=161 (full 8):
 def new generation   total 59200K, used 56726K [0x00000000e0000000, 0x00000000e4030000, 0x00000000eaaa0000)
  eden space 52672K, 100% used [0x00000000e0000000, 0x00000000e3370000, 0x00000000e3370000)
  from space 6528K,  62% used [0x00000000e3370000, 0x00000000e3765a08, 0x00000000e39d0000)
  to   space 6528K,   0% used [0x00000000e39d0000, 0x00000000e39d0000, 0x00000000e4030000)
 tenured generation   total 131312K, used 121427K [0x00000000eaaa0000, 0x00000000f2adc000, 0x0000000100000000)
   the space 131312K,  92% used [0x00000000eaaa0000, 0x00000000f2134f20, 0x00000000f2135000, 0x00000000f2adc000)
 Metaspace       used 96239K, capacity 106182K, committed 106456K, reserved 1140736K
  class space    used 11880K, capacity 14509K, committed 14592K, reserved 1048576K
Event: 416.291 GC heap after
Heap after GC invocations=162 (full 8):
 def new generation   total 59200K, used 3599K [0x00000000e0000000, 0x00000000e4030000, 0x00000000eaaa0000)
  eden space 52672K,   0% used [0x00000000e0000000, 0x00000000e0000000, 0x00000000e3370000)
  from space 6528K,  55% used [0x00000000e39d0000, 0x00000000e3d53fb8, 0x00000000e4030000)
  to   space 6528K,   0% used [0x00000000e3370000, 0x00000000e3370000, 0x00000000e39d0000)
 tenured generation   total 131312K, used 122927K [0x00000000eaaa0000, 0x00000000f2adc000, 0x0000000100000000)
   the space 131312K,  93% used [0x00000000eaaa0000, 0x00000000f22abd20, 0x00000000f22abe00, 0x00000000f2adc000)
 Metaspace       used 96239K, capacity 106182K, committed 106456K, reserved 1140736K
  class space    used 11880K, capacity 14509K, committed 14592K, reserved 1048576K
}

