# JRE version: Java(TM) SE Runtime Environment (8.0_161-b12) (build 1.8.0_161-b12)
# Java VM: Java HotSpot(TM) 64-Bit Server VM (25.161-b12 mixed mode linux-amd64 compressed oops)
Heap:
 def new generation   total 52160K, used 0K [0x00000000e0000000, 0x00000000e3890000, 0x00000000eaaa0000)
  eden space 46400K,   0% used [0x00000000e0000000, 0x00000000e0000000, 0x00000000e2d50000)
  from space 5760K,   0% used [0x00000000e2d50000, 0x00000000e2d50000, 0x00000000e32f0000)
  to   space 5760K,   0% used [0x00000000e32f0000, 0x00000000e32f0000, 0x00000000e3890000)
 tenured generation   total 116552K, used 94190K [0x00000000eaaa0000, 0x00000000f1c72000, 0x0000000100000000)
   the space 116552K,  80% used [0x00000000eaaa0000, 0x00000000f069baf8, 0x00000000f069bc00, 0x00000000f1c72000)
 Metaspace       used 92308K, capacity 101940K, committed 102016K, reserved 1136640K
  class space    used 11395K, capacity 13898K, committed 13952K, reserved 1048576K
GC Heap History (10 events):
Event: 320.286 GC heap after
Heap after GC invocations=127 (full 7):
 def new generation   total 52160K, used 3052K [0x00000000e0000000, 0x00000000e3890000, 0x00000000eaaa0000)
  eden space 46400K,   0% used [0x00000000e0000000, 0x00000000e0000000, 0x00000000e2d50000)
  from space 5760K,  53% used [0x00000000e32f0000, 0x00000000e35eb338, 0x00000000e3890000)
  to   space 5760K,   0% used [0x00000000e2d50000, 0x00000000e2d50000, 0x00000000e32f0000)
 tenured generation   total 115784K, used 111407K [0x00000000eaaa0000, 0x00000000f1bb2000, 0x0000000100000000)
   the space 115784K,  96% used [0x00000000eaaa0000, 0x00000000f176bf00, 0x00000000f176c000, 0x00000000f1bb2000)
 Metaspace       used 92192K, capacity 101724K, committed 102016K, reserved 1136640K
  class space    used 11393K, capacity 13894K, committed 13952K, reserved 1048576K
}
Event: 320.542 GC heap before
{Heap before GC invocations=127 (full 7):
 def new generation   total 52160K, used 49452K [0x00000000e0000000, 0x00000000e3890000, 0x00000000eaaa0000)
  eden space 46400K, 100% used [0x00000000e0000000, 0x00000000e2d50000, 0x00000000e2d50000)
  from space 5760K,  53% used [0x00000000e32f0000, 0x00000000e35eb338, 0x00000000e3890000)
  to   space 5760K,   0% used [0x00000000e2d50000, 0x00000000e2d50000, 0x00000000e32f0000)
 tenured generation   total 115784K, used 111407K [0x00000000eaaa0000, 0x00000000f1bb2000, 0x0000000100000000)
   the space 115784K,  96% used [0x00000000eaaa0000, 0x00000000f176bf00, 0x00000000f176c000, 0x00000000f1bb2000)
 Metaspace       used 92210K, capacity 101724K, committed 102016K, reserved 1136640K
  class space    used 11393K, capacity 13894K, committed 13952K, reserved 1048576K
Event: 320.565 GC heap after
Heap after GC invocations=128 (full 7):
 def new generation   total 52160K, used 2998K [0x00000000e0000000, 0x00000000e3890000, 0x00000000eaaa0000)
  eden space 46400K,   0% used [0x00000000e0000000, 0x00000000e0000000, 0x00000000e2d50000)
  from space 5760K,  52% used [0x00000000e2d50000, 0x00000000e303d990, 0x00000000e32f0000)
  to   space 5760K,   0% used [0x00000000e32f0000, 0x00000000e32f0000, 0x00000000e3890000)
 tenured generation   total 115784K, used 112276K [0x00000000eaaa0000, 0x00000000f1bb2000, 0x0000000100000000)
   the space 115784K,  96% used [0x00000000eaaa0000, 0x00000000f1845020, 0x00000000f1845200, 0x00000000f1bb2000)
 Metaspace       used 92210K, capacity 101724K, committed 102016K, reserved 1136640K
  class space    used 11393K, capacity 13894K, committed 13952K, reserved 1048576K
}
Event: 321.001 GC heap before
{Heap before GC invocations=128 (full 7):
 def new generation   total 52160K, used 49398K [0x00000000e0000000, 0x00000000e3890000, 0x00000000eaaa0000)
  eden space 46400K, 100% used [0x00000000e0000000, 0x00000000e2d50000, 0x00000000e2d50000)
  from space 5760K,  52% used [0x00000000e2d50000, 0x00000000e303d990, 0x00000000e32f0000)
  to   space 5760K,   0% used [0x00000000e32f0000, 0x00000000e32f0000, 0x00000000e3890000)
 tenured generation   total 115784K, used 112276K [0x00000000eaaa0000, 0x00000000f1bb2000, 0x0000000100000000)
   the space 115784K,  96% used [0x00000000eaaa0000, 0x00000000f1845020, 0x00000000f1845200, 0x00000000f1bb2000)
 Metaspace       used 92253K, capacity 101812K, committed 102016K, reserved 1136640K
  class space    used 11395K, capacity 13898K, committed 13952K, reserved 1048576K
Event: 321.024 GC heap after
Heap after GC invocations=129 (full 7):
 def new generation   total 52160K, used 3437K [0x00000000e0000000, 0x00000000e3890000, 0x00000000eaaa0000)
  eden space 46400K,   0% used [0x00000000e0000000, 0x00000000e0000000, 0x00000000e2d50000)
  from space 5760K,  59% used [0x00000000e32f0000, 0x00000000e364b618, 0x00000000e3890000)
  to   space 5760K,   0% used [0x00000000e2d50000, 0x00000000e2d50000, 0x00000000e32f0000)
 tenured generation   total 115784K, used 113327K [0x00000000eaaa0000, 0x00000000f1bb2000, 0x0000000100000000)
   the space 115784K,  97% used [0x00000000eaaa0000, 0x00000000f194bc50, 0x00000000f194be00, 0x00000000f1bb2000)
 Metaspace       used 92253K, capacity 101812K, committed 102016K, reserved 1136640K
  class space    used 11395K, capacity 13898K, committed 13952K, reserved 1048576K
}
Event: 321.281 GC heap before
{Heap before GC invocations=129 (full 7):
 def new generation   total 52160K, used 49837K [0x00000000e0000000, 0x00000000e3890000, 0x00000000eaaa0000)
  eden space 46400K, 100% used [0x00000000e0000000, 0x00000000e2d50000, 0x00000000e2d50000)
  from space 5760K,  59% used [0x00000000e32f0000, 0x00000000e364b618, 0x00000000e3890000)
  to   space 5760K,   0% used [0x00000000e2d50000, 0x00000000e2d50000, 0x00000000e32f0000)
 tenured generation   total 115784K, used 113327K [0x00000000eaaa0000, 0x00000000f1bb2000, 0x0000000100000000)
   the space 115784K,  97% used [0x00000000eaaa0000, 0x00000000f194bc50, 0x00000000f194be00, 0x00000000f1bb2000)
 Metaspace       used 92273K, capacity 101876K, committed 102016K, reserved 1136640K
  class space    used 11395K, capacity 13898K, committed 13952K, reserved 1048576K
Event: 321.297 GC heap after
Heap after GC invocations=130 (full 7):
 def new generation   total 52160K, used 3725K [0x00000000e0000000, 0x00000000e3890000, 0x00000000eaaa0000)
  eden space 46400K,   0% used [0x00000000e0000000, 0x00000000e0000000, 0x00000000e2d50000)
  from space 5760K,  64% used [0x00000000e2d50000, 0x00000000e30f35d8, 0x00000000e32f0000)
  to   space 5760K,   0% used [0x00000000e32f0000, 0x00000000e32f0000, 0x00000000e3890000)
 tenured generation   total 115784K, used 114030K [0x00000000eaaa0000, 0x00000000f1bb2000, 0x0000000100000000)
   the space 115784K,  98% used [0x00000000eaaa0000, 0x00000000f19fb8a0, 0x00000000f19fba00, 0x00000000f1bb2000)
 Metaspace       used 92273K, capacity 101876K, committed 102016K, reserved 1136640K
  class space    used 11395K, capacity 13898K, committed 13952K, reserved 1048576K
}
Event: 321.538 GC heap before
{Heap before GC invocations=130 (full 7):
 def new generation   total 52160K, used 50125K [0x00000000e0000000, 0x00000000e3890000, 0x00000000eaaa0000)
  eden space 46400K, 100% used [0x00000000e0000000, 0x00000000e2d50000, 0x00000000e2d50000)
  from space 5760K,  64% used [0x00000000e2d50000, 0x00000000e30f35d8, 0x00000000e32f0000)
  to   space 5760K,   0% used [0x00000000e32f0000, 0x00000000e32f0000, 0x00000000e3890000)
 tenured generation   total 115784K, used 114030K [0x00000000eaaa0000, 0x00000000f1bb2000, 0x0000000100000000)
   the space 115784K,  98% used [0x00000000eaaa0000, 0x00000000f19fb8a0, 0x00000000f19fba00, 0x00000000f1bb2000)
 Metaspace       used 92294K, capacity 101940K, committed 102016K, reserved 1136640K
  class space    used 11395K, capacity 13898K, committed 13952K, reserved 1048576K
Event: 321.557 GC heap after
Heap after GC invocations=131 (full 7):
 def new generation   total 52160K, used 3086K [0x00000000e0000000, 0x00000000e3890000, 0x00000000eaaa0000)
  eden space 46400K,   0% used [0x00000000e0000000, 0x00000000e0000000, 0x00000000e2d50000)
  from space 5760K,  53% used [0x00000000e32f0000, 0x00000000e35f3828, 0x00000000e3890000)
  to   space 5760K,   0% used [0x00000000e2d50000, 0x00000000e2d50000, 0x00000000e32f0000)
 tenured generation   total 115784K, used 114911K [0x00000000eaaa0000, 0x00000000f1bb2000, 0x0000000100000000)
   the space 115784K,  99% used [0x00000000eaaa0000, 0x00000000f1ad7e90, 0x00000000f1ad8000, 0x00000000f1bb2000)
 Metaspace       used 92294K, capacity 101940K, committed 102016K, reserved 1136640K
  class space    used 11395K, capacity 13898K, committed 13952K, reserved 1048576K
}
Event: 321.775 GC heap before
{Heap before GC invocations=131 (full 7):
 def new generation   total 52160K, used 49486K [0x00000000e0000000, 0x00000000e3890000, 0x00000000eaaa0000)
  eden space 46400K, 100% used [0x00000000e0000000, 0x00000000e2d50000, 0x00000000e2d50000)
  from space 5760K,  53% used [0x00000000e32f0000, 0x00000000e35f3828, 0x00000000e3890000)
  to   space 5760K,   0% used [0x00000000e2d50000, 0x00000000e2d50000, 0x00000000e32f0000)
 tenured generation   total 115784K, used 114911K [0x00000000eaaa0000, 0x00000000f1bb2000, 0x0000000100000000)
   the space 115784K,  99% used [0x00000000eaaa0000, 0x00000000f1ad7e90, 0x00000000f1ad8000, 0x00000000f1bb2000)
 Metaspace       used 92308K, capacity 101940K, committed 102016K, reserved 1136640K
  class space    used 11395K, capacity 13898K, committed 13952K, reserved 1048576K

