# JRE version: Java(TM) SE Runtime Environment (8.0_161-b12) (build 1.8.0_161-b12)
# Java VM: Java HotSpot(TM) 64-Bit Server VM (25.161-b12 mixed mode linux-amd64 compressed oops)
Heap:
 def new generation   total 60096K, used 0K [0x00000000e0000000, 0x00000000e4130000, 0x00000000eaaa0000)
  eden space 53440K,   0% used [0x00000000e0000000, 0x00000000e0000000, 0x00000000e3430000)
  from space 6656K,   0% used [0x00000000e3430000, 0x00000000e3430000, 0x00000000e3ab0000)
  to   space 6656K,   0% used [0x00000000e3ab0000, 0x00000000e3ab0000, 0x00000000e4130000)
 tenured generation   total 133448K, used 89680K [0x00000000eaaa0000, 0x00000000f2cf2000, 0x0000000100000000)
   the space 133448K,  67% used [0x00000000eaaa0000, 0x00000000f02342c8, 0x00000000f0234400, 0x00000000f2cf2000)
 Metaspace       used 95089K, capacity 104308K, committed 104664K, reserved 1140736K
  class space    used 11701K, capacity 14220K, committed 14336K, reserved 1048576K
GC Heap History (10 events):
Event: 3004.599 GC heap after
Heap after GC invocations=133 (full 8):
 def new generation   total 60096K, used 2431K [0x00000000e0000000, 0x00000000e4130000, 0x00000000eaaa0000)
  eden space 53440K,   0% used [0x00000000e0000000, 0x00000000e0000000, 0x00000000e3430000)
  from space 6656K,  36% used [0x00000000e3430000, 0x00000000e368fcf0, 0x00000000e3ab0000)
  to   space 6656K,   0% used [0x00000000e3ab0000, 0x00000000e3ab0000, 0x00000000e4130000)
 tenured generation   total 133448K, used 99586K [0x00000000eaaa0000, 0x00000000f2cf2000, 0x0000000100000000)
   the space 133448K,  74% used [0x00000000eaaa0000, 0x00000000f0be0b68, 0x00000000f0be0c00, 0x00000000f2cf2000)
 Metaspace       used 84230K, capacity 93252K, committed 93528K, reserved 1130496K
  class space    used 10257K, capacity 12776K, committed 12928K, reserved 1048576K
}
Event: 3005.113 GC heap before
{Heap before GC invocations=133 (full 8):
 def new generation   total 60096K, used 55871K [0x00000000e0000000, 0x00000000e4130000, 0x00000000eaaa0000)
  eden space 53440K, 100% used [0x00000000e0000000, 0x00000000e3430000, 0x00000000e3430000)
  from space 6656K,  36% used [0x00000000e3430000, 0x00000000e368fcf0, 0x00000000e3ab0000)
  to   space 6656K,   0% used [0x00000000e3ab0000, 0x00000000e3ab0000, 0x00000000e4130000)
 tenured generation   total 133448K, used 99586K [0x00000000eaaa0000, 0x00000000f2cf2000, 0x0000000100000000)
   the space 133448K,  74% used [0x00000000eaaa0000, 0x00000000f0be0b68, 0x00000000f0be0c00, 0x00000000f2cf2000)
 Metaspace       used 84281K, capacity 93316K, committed 93784K, reserved 1130496K
  class space    used 10257K, capacity 12776K, committed 12928K, reserved 1048576K
Event: 3005.135 GC heap after
Heap after GC invocations=134 (full 8):
 def new generation   total 60096K, used 4664K [0x00000000e0000000, 0x00000000e4130000, 0x00000000eaaa0000)
  eden space 53440K,   0% used [0x00000000e0000000, 0x00000000e0000000, 0x00000000e3430000)
  from space 6656K,  70% used [0x00000000e3ab0000, 0x00000000e3f3e240, 0x00000000e4130000)
  to   space 6656K,   0% used [0x00000000e3430000, 0x00000000e3430000, 0x00000000e3ab0000)
 tenured generation   total 133448K, used 99586K [0x00000000eaaa0000, 0x00000000f2cf2000, 0x0000000100000000)
   the space 133448K,  74% used [0x00000000eaaa0000, 0x00000000f0be0b68, 0x00000000f0be0c00, 0x00000000f2cf2000)
 Metaspace       used 84281K, capacity 93316K, committed 93784K, reserved 1130496K
  class space    used 10257K, capacity 12776K, committed 12928K, reserved 1048576K
}
Event: 3005.356 GC heap before
{Heap before GC invocations=134 (full 8):
 def new generation   total 60096K, used 58104K [0x00000000e0000000, 0x00000000e4130000, 0x00000000eaaa0000)
  eden space 53440K, 100% used [0x00000000e0000000, 0x00000000e3430000, 0x00000000e3430000)
  from space 6656K,  70% used [0x00000000e3ab0000, 0x00000000e3f3e240, 0x00000000e4130000)
  to   space 6656K,   0% used [0x00000000e3430000, 0x00000000e3430000, 0x00000000e3ab0000)
 tenured generation   total 133448K, used 99586K [0x00000000eaaa0000, 0x00000000f2cf2000, 0x0000000100000000)
   the space 133448K,  74% used [0x00000000eaaa0000, 0x00000000f0be0b68, 0x00000000f0be0c00, 0x00000000f2cf2000)
 Metaspace       used 84296K, capacity 93322K, committed 93784K, reserved 1130496K
  class space    used 10257K, capacity 12777K, committed 12928K, reserved 1048576K
Event: 3005.368 GC heap after
Heap after GC invocations=135 (full 8):
 def new generation   total 60096K, used 2559K [0x00000000e0000000, 0x00000000e4130000, 0x00000000eaaa0000)
  eden space 53440K,   0% used [0x00000000e0000000, 0x00000000e0000000, 0x00000000e3430000)
  from space 6656K,  38% used [0x00000000e3430000, 0x00000000e36afc98, 0x00000000e3ab0000)
  to   space 6656K,   0% used [0x00000000e3ab0000, 0x00000000e3ab0000, 0x00000000e4130000)
 tenured generation   total 133448K, used 101968K [0x00000000eaaa0000, 0x00000000f2cf2000, 0x0000000100000000)
   the space 133448K,  76% used [0x00000000eaaa0000, 0x00000000f0e340d0, 0x00000000f0e34200, 0x00000000f2cf2000)
 Metaspace       used 84296K, capacity 93322K, committed 93784K, reserved 1130496K
  class space    used 10257K, capacity 12777K, committed 12928K, reserved 1048576K
}
Event: 3279.936 GC heap before
{Heap before GC invocations=135 (full 8):
 def new generation   total 60096K, used 55999K [0x00000000e0000000, 0x00000000e4130000, 0x00000000eaaa0000)
  eden space 53440K, 100% used [0x00000000e0000000, 0x00000000e3430000, 0x00000000e3430000)
  from space 6656K,  38% used [0x00000000e3430000, 0x00000000e36afc98, 0x00000000e3ab0000)
  to   space 6656K,   0% used [0x00000000e3ab0000, 0x00000000e3ab0000, 0x00000000e4130000)
 tenured generation   total 133448K, used 101968K [0x00000000eaaa0000, 0x00000000f2cf2000, 0x0000000100000000)
   the space 133448K,  76% used [0x00000000eaaa0000, 0x00000000f0e340d0, 0x00000000f0e34200, 0x00000000f2cf2000)
 Metaspace       used 91224K, capacity 100284K, committed 100568K, reserved 1136640K
  class space    used 11223K, capacity 13683K, committed 13824K, reserved 1048576K
Event: 3279.964 GC heap after
Heap after GC invocations=136 (full 8):
 def new generation   total 60096K, used 6656K [0x00000000e0000000, 0x00000000e4130000, 0x00000000eaaa0000)
  eden space 53440K,   0% used [0x00000000e0000000, 0x00000000e0000000, 0x00000000e3430000)
  from space 6656K, 100% used [0x00000000e3ab0000, 0x00000000e4130000, 0x00000000e4130000)
  to   space 6656K,   0% used [0x00000000e3430000, 0x00000000e3430000, 0x00000000e3ab0000)
 tenured generation   total 133448K, used 105437K [0x00000000eaaa0000, 0x00000000f2cf2000, 0x0000000100000000)
   the space 133448K,  79% used [0x00000000eaaa0000, 0x00000000f1197780, 0x00000000f1197800, 0x00000000f2cf2000)
 Metaspace       used 91224K, capacity 100284K, committed 100568K, reserved 1136640K
  class space    used 11223K, capacity 13683K, committed 13824K, reserved 1048576K
}
Event: 4712.306 GC heap before
{Heap before GC invocations=136 (full 8):
 def new generation   total 60096K, used 60096K [0x00000000e0000000, 0x00000000e4130000, 0x00000000eaaa0000)
  eden space 53440K, 100% used [0x00000000e0000000, 0x00000000e3430000, 0x00000000e3430000)
  from space 6656K, 100% used [0x00000000e3ab0000, 0x00000000e4130000, 0x00000000e4130000)
  to   space 6656K,   0% used [0x00000000e3430000, 0x00000000e3430000, 0x00000000e3ab0000)
 tenured generation   total 133448K, used 105437K [0x00000000eaaa0000, 0x00000000f2cf2000, 0x0000000100000000)
   the space 133448K,  79% used [0x00000000eaaa0000, 0x00000000f1197780, 0x00000000f1197800, 0x00000000f2cf2000)
 Metaspace       used 94852K, capacity 103916K, committed 104152K, reserved 1138688K
  class space    used 11690K, capacity 14208K, committed 14336K, reserved 1048576K
Event: 4712.414 GC heap after
Heap after GC invocations=137 (full 8):
 def new generation   total 60096K, used 4145K [0x00000000e0000000, 0x00000000e4130000, 0x00000000eaaa0000)
  eden space 53440K,   0% used [0x00000000e0000000, 0x00000000e0000000, 0x00000000e3430000)
  from space 6656K,  62% used [0x00000000e3430000, 0x00000000e383c780, 0x00000000e3ab0000)
  to   space 6656K,   0% used [0x00000000e3ab0000, 0x00000000e3ab0000, 0x00000000e4130000)
 tenured generation   total 133448K, used 109097K [0x00000000eaaa0000, 0x00000000f2cf2000, 0x0000000100000000)
   the space 133448K,  81% used [0x00000000eaaa0000, 0x00000000f152a4d0, 0x00000000f152a600, 0x00000000f2cf2000)
 Metaspace       used 94852K, capacity 103916K, committed 104152K, reserved 1138688K
  class space    used 11690K, capacity 14208K, committed 14336K, reserved 1048576K
}
Event: 6446.782 GC heap before
{Heap before GC invocations=137 (full 8):
 def new generation   total 60096K, used 44485K [0x00000000e0000000, 0x00000000e4130000, 0x00000000eaaa0000)
  eden space 53440K,  75% used [0x00000000e0000000, 0x00000000e2764f28, 0x00000000e3430000)
  from space 6656K,  62% used [0x00000000e3430000, 0x00000000e383c780, 0x00000000e3ab0000)
  to   space 6656K,   0% used [0x00000000e3ab0000, 0x00000000e3ab0000, 0x00000000e4130000)
 tenured generation   total 133448K, used 109097K [0x00000000eaaa0000, 0x00000000f2cf2000, 0x0000000100000000)
   the space 133448K,  81% used [0x00000000eaaa0000, 0x00000000f152a4d0, 0x00000000f152a600, 0x00000000f2cf2000)
 Metaspace       used 95089K, capacity 104308K, committed 104664K, reserved 1140736K
  class space    used 11701K, capacity 14220K, committed 14336K, reserved 1048576K

