# JRE version: Java(TM) SE Runtime Environment (8.0_161-b12) (build 1.8.0_161-b12)
# Java VM: Java HotSpot(TM) 64-Bit Server VM (25.161-b12 mixed mode linux-amd64 compressed oops)
Heap:
 def new generation   total 57344K, used 0K [0x00000000e0000000, 0x00000000e3e30000, 0x00000000eaaa0000)
  eden space 51008K,   0% used [0x00000000e0000000, 0x00000000e0000000, 0x00000000e31d0000)
  from space 6336K,   0% used [0x00000000e31d0000, 0x00000000e31d0000, 0x00000000e3800000)
  to   space 6336K,   0% used [0x00000000e3800000, 0x00000000e3800000, 0x00000000e3e30000)
 tenured generation   total 128436K, used 108647K [0x00000000eaaa0000, 0x00000000f280d000, 0x0000000100000000)
   the space 128436K,  84% used [0x00000000eaaa0000, 0x00000000f14b9ca0, 0x00000000f14b9e00, 0x00000000f280d000)
 Metaspace       used 96604K, capacity 106536K, committed 106772K, reserved 1140736K
  class space    used 11875K, capacity 14527K, committed 14652K, reserved 1048576K
GC Heap History (10 events):
Event: 521.835 GC heap after
Heap after GC invocations=159 (full 8):
 def new generation   total 57344K, used 3910K [0x00000000e0000000, 0x00000000e3e30000, 0x00000000eaaa0000)
  eden space 51008K,   0% used [0x00000000e0000000, 0x00000000e0000000, 0x00000000e31d0000)
  from space 6336K,  61% used [0x00000000e3800000, 0x00000000e3bd1b38, 0x00000000e3e30000)
  to   space 6336K,   0% used [0x00000000e31d0000, 0x00000000e31d0000, 0x00000000e3800000)
 tenured generation   total 127284K, used 122714K [0x00000000eaaa0000, 0x00000000f26ed000, 0x0000000100000000)
   the space 127284K,  96% used [0x00000000eaaa0000, 0x00000000f22768e8, 0x00000000f2276a00, 0x00000000f26ed000)
 Metaspace       used 96402K, capacity 106230K, committed 106388K, reserved 1140736K
  class space    used 11864K, capacity 14508K, committed 14524K, reserved 1048576K
}
Event: 522.149 GC heap before
{Heap before GC invocations=159 (full 8):
 def new generation   total 57344K, used 54917K [0x00000000e0000000, 0x00000000e3e30000, 0x00000000eaaa0000)
  eden space 51008K,  99% used [0x00000000e0000000, 0x00000000e31cf910, 0x00000000e31d0000)
  from space 6336K,  61% used [0x00000000e3800000, 0x00000000e3bd1b38, 0x00000000e3e30000)
  to   space 6336K,   0% used [0x00000000e31d0000, 0x00000000e31d0000, 0x00000000e3800000)
 tenured generation   total 127284K, used 122714K [0x00000000eaaa0000, 0x00000000f26ed000, 0x0000000100000000)
   the space 127284K,  96% used [0x00000000eaaa0000, 0x00000000f22768e8, 0x00000000f2276a00, 0x00000000f26ed000)
 Metaspace       used 96457K, capacity 106236K, committed 106388K, reserved 1140736K
  class space    used 11865K, capacity 14509K, committed 14524K, reserved 1048576K
Event: 522.165 GC heap after
Heap after GC invocations=160 (full 8):
 def new generation   total 57344K, used 2716K [0x00000000e0000000, 0x00000000e3e30000, 0x00000000eaaa0000)
  eden space 51008K,   0% used [0x00000000e0000000, 0x00000000e0000000, 0x00000000e31d0000)
  from space 6336K,  42% used [0x00000000e31d0000, 0x00000000e3477348, 0x00000000e3800000)
  to   space 6336K,   0% used [0x00000000e3800000, 0x00000000e3800000, 0x00000000e3e30000)
 tenured generation   total 127284K, used 124417K [0x00000000eaaa0000, 0x00000000f26ed000, 0x0000000100000000)
   the space 127284K,  97% used [0x00000000eaaa0000, 0x00000000f2420590, 0x00000000f2420600, 0x00000000f26ed000)
 Metaspace       used 96457K, capacity 106236K, committed 106388K, reserved 1140736K
  class space    used 11865K, capacity 14509K, committed 14524K, reserved 1048576K
}
Event: 522.509 GC heap before
{Heap before GC invocations=160 (full 8):
 def new generation   total 57344K, used 53724K [0x00000000e0000000, 0x00000000e3e30000, 0x00000000eaaa0000)
  eden space 51008K, 100% used [0x00000000e0000000, 0x00000000e31d0000, 0x00000000e31d0000)
  from space 6336K,  42% used [0x00000000e31d0000, 0x00000000e3477348, 0x00000000e3800000)
  to   space 6336K,   0% used [0x00000000e3800000, 0x00000000e3800000, 0x00000000e3e30000)
 tenured generation   total 127284K, used 124417K [0x00000000eaaa0000, 0x00000000f26ed000, 0x0000000100000000)
   the space 127284K,  97% used [0x00000000eaaa0000, 0x00000000f2420590, 0x00000000f2420600, 0x00000000f26ed000)
 Metaspace       used 96481K, capacity 106242K, committed 106388K, reserved 1140736K
  class space    used 11866K, capacity 14510K, committed 14524K, reserved 1048576K
Event: 522.521 GC heap after
Heap after GC invocations=161 (full 8):
 def new generation   total 57344K, used 4308K [0x00000000e0000000, 0x00000000e3e30000, 0x00000000eaaa0000)
  eden space 51008K,   0% used [0x00000000e0000000, 0x00000000e0000000, 0x00000000e31d0000)
  from space 6336K,  67% used [0x00000000e3800000, 0x00000000e3c35090, 0x00000000e3e30000)
  to   space 6336K,   0% used [0x00000000e31d0000, 0x00000000e31d0000, 0x00000000e3800000)
 tenured generation   total 127284K, used 124417K [0x00000000eaaa0000, 0x00000000f26ed000, 0x0000000100000000)
   the space 127284K,  97% used [0x00000000eaaa0000, 0x00000000f2420590, 0x00000000f2420600, 0x00000000f26ed000)
 Metaspace       used 96481K, capacity 106242K, committed 106388K, reserved 1140736K
  class space    used 11866K, capacity 14510K, committed 14524K, reserved 1048576K
}
Event: 523.241 GC heap before
{Heap before GC invocations=161 (full 8):
 def new generation   total 57344K, used 55316K [0x00000000e0000000, 0x00000000e3e30000, 0x00000000eaaa0000)
  eden space 51008K, 100% used [0x00000000e0000000, 0x00000000e31d0000, 0x00000000e31d0000)
  from space 6336K,  67% used [0x00000000e3800000, 0x00000000e3c35090, 0x00000000e3e30000)
  to   space 6336K,   0% used [0x00000000e31d0000, 0x00000000e31d0000, 0x00000000e3800000)
 tenured generation   total 127284K, used 124417K [0x00000000eaaa0000, 0x00000000f26ed000, 0x0000000100000000)
   the space 127284K,  97% used [0x00000000eaaa0000, 0x00000000f2420590, 0x00000000f2420600, 0x00000000f26ed000)
 Metaspace       used 96497K, capacity 106272K, committed 106388K, reserved 1140736K
  class space    used 11869K, capacity 14515K, committed 14524K, reserved 1048576K
Event: 523.255 GC heap after
Heap after GC invocations=162 (full 8):
 def new generation   total 57344K, used 3515K [0x00000000e0000000, 0x00000000e3e30000, 0x00000000eaaa0000)
  eden space 51008K,   0% used [0x00000000e0000000, 0x00000000e0000000, 0x00000000e31d0000)
  from space 6336K,  55% used [0x00000000e31d0000, 0x00000000e353ed68, 0x00000000e3800000)
  to   space 6336K,   0% used [0x00000000e3800000, 0x00000000e3800000, 0x00000000e3e30000)
 tenured generation   total 127284K, used 126068K [0x00000000eaaa0000, 0x00000000f26ed000, 0x0000000100000000)
   the space 127284K,  99% used [0x00000000eaaa0000, 0x00000000f25bd2e0, 0x00000000f25bd400, 0x00000000f26ed000)
 Metaspace       used 96497K, capacity 106272K, committed 106388K, reserved 1140736K
  class space    used 11869K, capacity 14515K, committed 14524K, reserved 1048576K
}
Event: 525.948 GC heap before
{Heap before GC invocations=162 (full 8):
 def new generation   total 57344K, used 54523K [0x00000000e0000000, 0x00000000e3e30000, 0x00000000eaaa0000)
  eden space 51008K, 100% used [0x00000000e0000000, 0x00000000e31d0000, 0x00000000e31d0000)
  from space 6336K,  55% used [0x00000000e31d0000, 0x00000000e353ed68, 0x00000000e3800000)
  to   space 6336K,   0% used [0x00000000e3800000, 0x00000000e3800000, 0x00000000e3e30000)
 tenured generation   total 127284K, used 126068K [0x00000000eaaa0000, 0x00000000f26ed000, 0x0000000100000000)
   the space 127284K,  99% used [0x00000000eaaa0000, 0x00000000f25bd2e0, 0x00000000f25bd400, 0x00000000f26ed000)
 Metaspace       used 96566K, capacity 106442K, committed 106644K, reserved 1140736K
  class space    used 11873K, capacity 14522K, committed 14524K, reserved 1048576K
Event: 525.963 GC heap after
Heap after GC invocations=163 (full 8):
 def new generation   total 57344K, used 3523K [0x00000000e0000000, 0x00000000e3e30000, 0x00000000eaaa0000)
  eden space 51008K,   0% used [0x00000000e0000000, 0x00000000e0000000, 0x00000000e31d0000)
  from space 6336K,  55% used [0x00000000e3800000, 0x00000000e3b70c38, 0x00000000e3e30000)
  to   space 6336K,   0% used [0x00000000e31d0000, 0x00000000e31d0000, 0x00000000e3800000)
 tenured generation   total 127284K, used 127074K [0x00000000eaaa0000, 0x00000000f26ed000, 0x0000000100000000)
   the space 127284K,  99% used [0x00000000eaaa0000, 0x00000000f26b8a50, 0x00000000f26b8c00, 0x00000000f26ed000)
 Metaspace       used 96566K, capacity 106442K, committed 106644K, reserved 1140736K
  class space    used 11873K, capacity 14522K, committed 14524K, reserved 1048576K
}
Event: 538.487 GC heap before
{Heap before GC invocations=163 (full 8):
 def new generation   total 57344K, used 54531K [0x00000000e0000000, 0x00000000e3e30000, 0x00000000eaaa0000)
  eden space 51008K, 100% used [0x00000000e0000000, 0x00000000e31d0000, 0x00000000e31d0000)
  from space 6336K,  55% used [0x00000000e3800000, 0x00000000e3b70c38, 0x00000000e3e30000)
  to   space 6336K,   0% used [0x00000000e31d0000, 0x00000000e31d0000, 0x00000000e3800000)
 tenured generation   total 127284K, used 127074K [0x00000000eaaa0000, 0x00000000f26ed000, 0x0000000100000000)
   the space 127284K,  99% used [0x00000000eaaa0000, 0x00000000f26b8a50, 0x00000000f26b8c00, 0x00000000f26ed000)
 Metaspace       used 96604K, capacity 106536K, committed 106772K, reserved 1140736K
  class space    used 11875K, capacity 14527K, committed 14652K, reserved 1048576K

