# JRE version: Java(TM) SE Runtime Environment (8.0_161-b12) (build 1.8.0_161-b12)
# Java VM: Java HotSpot(TM) 64-Bit Server VM (25.161-b12 mixed mode linux-amd64 compressed oops)
Heap:
 def new generation   total 64640K, used 7002K [0x00000000e0000000, 0x00000000e4620000, 0x00000000eaaa0000)
  eden space 57472K,   6% used [0x00000000e0000000, 0x00000000e0384d20, 0x00000000e3820000)
  from space 7168K,  47% used [0x00000000e3820000, 0x00000000e3b71d08, 0x00000000e3f20000)
  to   space 7168K,   0% used [0x00000000e3f20000, 0x00000000e3f20000, 0x00000000e4620000)
 tenured generation   total 143540K, used 141216K [0x00000000eaaa0000, 0x00000000f36cd000, 0x0000000100000000)
   the space 143540K,  98% used [0x00000000eaaa0000, 0x00000000f34881b8, 0x00000000f3488200, 0x00000000f36cd000)
 Metaspace       used 78318K, capacity 87756K, committed 88064K, reserved 1126400K
  class space    used 9353K, capacity 11721K, committed 11776K, reserved 1048576K
GC Heap History (10 events):
Event: 623.426 GC heap before
{Heap before GC invocations=199 (full 8):
 def new generation   total 64640K, used 62613K [0x00000000e0000000, 0x00000000e4620000, 0x00000000eaaa0000)
  eden space 57472K, 100% used [0x00000000e0000000, 0x00000000e3820000, 0x00000000e3820000)
  from space 7168K,  71% used [0x00000000e3f20000, 0x00000000e44255f8, 0x00000000e4620000)
  to   space 7168K,   0% used [0x00000000e3820000, 0x00000000e3820000, 0x00000000e3f20000)
 tenured generation   total 143540K, used 136090K [0x00000000eaaa0000, 0x00000000f36cd000, 0x0000000100000000)
   the space 143540K,  94% used [0x00000000eaaa0000, 0x00000000f2f86908, 0x00000000f2f86a00, 0x00000000f36cd000)
 Metaspace       used 78146K, capacity 87592K, committed 87808K, reserved 1126400K
  class space    used 9343K, capacity 11715K, committed 11776K, reserved 1048576K
Event: 623.453 GC heap after
Heap after GC invocations=200 (full 8):
 def new generation   total 64640K, used 4165K [0x00000000e0000000, 0x00000000e4620000, 0x00000000eaaa0000)
  eden space 57472K,   0% used [0x00000000e0000000, 0x00000000e0000000, 0x00000000e3820000)
  from space 7168K,  58% used [0x00000000e3820000, 0x00000000e3c314d8, 0x00000000e3f20000)
  to   space 7168K,   0% used [0x00000000e3f20000, 0x00000000e3f20000, 0x00000000e4620000)
 tenured generation   total 143540K, used 136614K [0x00000000eaaa0000, 0x00000000f36cd000, 0x0000000100000000)
   the space 143540K,  95% used [0x00000000eaaa0000, 0x00000000f3009a90, 0x00000000f3009c00, 0x00000000f36cd000)
 Metaspace       used 78146K, capacity 87592K, committed 87808K, reserved 1126400K
  class space    used 9343K, capacity 11715K, committed 11776K, reserved 1048576K
}
Event: 624.271 GC heap before
{Heap before GC invocations=200 (full 8):
 def new generation   total 64640K, used 61621K [0x00000000e0000000, 0x00000000e4620000, 0x00000000eaaa0000)
  eden space 57472K,  99% used [0x00000000e0000000, 0x00000000e381c020, 0x00000000e3820000)
  from space 7168K,  58% used [0x00000000e3820000, 0x00000000e3c314d8, 0x00000000e3f20000)
  to   space 7168K,   0% used [0x00000000e3f20000, 0x00000000e3f20000, 0x00000000e4620000)
 tenured generation   total 143540K, used 136614K [0x00000000eaaa0000, 0x00000000f36cd000, 0x0000000100000000)
   the space 143540K,  95% used [0x00000000eaaa0000, 0x00000000f3009a90, 0x00000000f3009c00, 0x00000000f36cd000)
 Metaspace       used 78204K, capacity 87674K, committed 87808K, reserved 1126400K
  class space    used 9351K, capacity 11718K, committed 11776K, reserved 1048576K
Event: 624.303 GC heap after
Heap after GC invocations=201 (full 8):
 def new generation   total 64640K, used 3053K [0x00000000e0000000, 0x00000000e4620000, 0x00000000eaaa0000)
  eden space 57472K,   0% used [0x00000000e0000000, 0x00000000e0000000, 0x00000000e3820000)
  from space 7168K,  42% used [0x00000000e3f20000, 0x00000000e421b558, 0x00000000e4620000)
  to   space 7168K,   0% used [0x00000000e3820000, 0x00000000e3820000, 0x00000000e3f20000)
 tenured generation   total 143540K, used 138444K [0x00000000eaaa0000, 0x00000000f36cd000, 0x0000000100000000)
   the space 143540K,  96% used [0x00000000eaaa0000, 0x00000000f31d30a0, 0x00000000f31d3200, 0x00000000f36cd000)
 Metaspace       used 78204K, capacity 87674K, committed 87808K, reserved 1126400K
  class space    used 9351K, capacity 11718K, committed 11776K, reserved 1048576K
}
Event: 624.631 GC heap before
{Heap before GC invocations=201 (full 8):
 def new generation   total 64640K, used 60525K [0x00000000e0000000, 0x00000000e4620000, 0x00000000eaaa0000)
  eden space 57472K, 100% used [0x00000000e0000000, 0x00000000e3820000, 0x00000000e3820000)
  from space 7168K,  42% used [0x00000000e3f20000, 0x00000000e421b558, 0x00000000e4620000)
  to   space 7168K,   0% used [0x00000000e3820000, 0x00000000e3820000, 0x00000000e3f20000)
 tenured generation   total 143540K, used 138444K [0x00000000eaaa0000, 0x00000000f36cd000, 0x0000000100000000)
   the space 143540K,  96% used [0x00000000eaaa0000, 0x00000000f31d30a0, 0x00000000f31d3200, 0x00000000f36cd000)
 Metaspace       used 78305K, capacity 87756K, committed 88064K, reserved 1126400K
  class space    used 9353K, capacity 11721K, committed 11776K, reserved 1048576K
Event: 624.662 GC heap after
Heap after GC invocations=202 (full 8):
 def new generation   total 64640K, used 4376K [0x00000000e0000000, 0x00000000e4620000, 0x00000000eaaa0000)
  eden space 57472K,   0% used [0x00000000e0000000, 0x00000000e0000000, 0x00000000e3820000)
  from space 7168K,  61% used [0x00000000e3820000, 0x00000000e3c66060, 0x00000000e3f20000)
  to   space 7168K,   0% used [0x00000000e3f20000, 0x00000000e3f20000, 0x00000000e4620000)
 tenured generation   total 143540K, used 138444K [0x00000000eaaa0000, 0x00000000f36cd000, 0x0000000100000000)
   the space 143540K,  96% used [0x00000000eaaa0000, 0x00000000f31d30a0, 0x00000000f31d3200, 0x00000000f36cd000)
 Metaspace       used 78305K, capacity 87756K, committed 88064K, reserved 1126400K
  class space    used 9353K, capacity 11721K, committed 11776K, reserved 1048576K
}
Event: 624.883 GC heap before
{Heap before GC invocations=202 (full 8):
 def new generation   total 64640K, used 61848K [0x00000000e0000000, 0x00000000e4620000, 0x00000000eaaa0000)
  eden space 57472K, 100% used [0x00000000e0000000, 0x00000000e3820000, 0x00000000e3820000)
  from space 7168K,  61% used [0x00000000e3820000, 0x00000000e3c66060, 0x00000000e3f20000)
  to   space 7168K,   0% used [0x00000000e3f20000, 0x00000000e3f20000, 0x00000000e4620000)
 tenured generation   total 143540K, used 138444K [0x00000000eaaa0000, 0x00000000f36cd000, 0x0000000100000000)
   the space 143540K,  96% used [0x00000000eaaa0000, 0x00000000f31d30a0, 0x00000000f31d3200, 0x00000000f36cd000)
 Metaspace       used 78316K, capacity 87756K, committed 88064K, reserved 1126400K
  class space    used 9353K, capacity 11721K, committed 11776K, reserved 1048576K
Event: 624.918 GC heap after
Heap after GC invocations=203 (full 8):
 def new generation   total 64640K, used 3938K [0x00000000e0000000, 0x00000000e4620000, 0x00000000eaaa0000)
  eden space 57472K,   0% used [0x00000000e0000000, 0x00000000e0000000, 0x00000000e3820000)
  from space 7168K,  54% used [0x00000000e3f20000, 0x00000000e42f8900, 0x00000000e4620000)
  to   space 7168K,   0% used [0x00000000e3820000, 0x00000000e3820000, 0x00000000e3f20000)
 tenured generation   total 143540K, used 139796K [0x00000000eaaa0000, 0x00000000f36cd000, 0x0000000100000000)
   the space 143540K,  97% used [0x00000000eaaa0000, 0x00000000f3325110, 0x00000000f3325200, 0x00000000f36cd000)
 Metaspace       used 78316K, capacity 87756K, committed 88064K, reserved 1126400K
  class space    used 9353K, capacity 11721K, committed 11776K, reserved 1048576K
}
Event: 626.754 GC heap before
{Heap before GC invocations=203 (full 8):
 def new generation   total 64640K, used 61410K [0x00000000e0000000, 0x00000000e4620000, 0x00000000eaaa0000)
  eden space 57472K, 100% used [0x00000000e0000000, 0x00000000e3820000, 0x00000000e3820000)
  from space 7168K,  54% used [0x00000000e3f20000, 0x00000000e42f8900, 0x00000000e4620000)
  to   space 7168K,   0% used [0x00000000e3820000, 0x00000000e3820000, 0x00000000e3f20000)
 tenured generation   total 143540K, used 139796K [0x00000000eaaa0000, 0x00000000f36cd000, 0x0000000100000000)
   the space 143540K,  97% used [0x00000000eaaa0000, 0x00000000f3325110, 0x00000000f3325200, 0x00000000f36cd000)
 Metaspace       used 78318K, capacity 87756K, committed 88064K, reserved 1126400K
  class space    used 9353K, capacity 11721K, committed 11776K, reserved 1048576K
Event: 626.833 GC heap after
Heap after GC invocations=204 (full 8):
 def new generation   total 64640K, used 3399K [0x00000000e0000000, 0x00000000e4620000, 0x00000000eaaa0000)
  eden space 57472K,   0% used [0x00000000e0000000, 0x00000000e0000000, 0x00000000e3820000)
  from space 7168K,  47% used [0x00000000e3820000, 0x00000000e3b71d08, 0x00000000e3f20000)
  to   space 7168K,   0% used [0x00000000e3f20000, 0x00000000e3f20000, 0x00000000e4620000)
 tenured generation   total 143540K, used 141216K [0x00000000eaaa0000, 0x00000000f36cd000, 0x0000000100000000)
   the space 143540K,  98% used [0x00000000eaaa0000, 0x00000000f34881b8, 0x00000000f3488200, 0x00000000f36cd000)
 Metaspace       used 78318K, capacity 87756K, committed 88064K, reserved 1126400K
  class space    used 9353K, capacity 11721K, committed 11776K, reserved 1048576K
}

